{"/Users/nabylbennouri/Documents/COMPANYS/ThreeFourteen/Clients/CitizenHealth/GitHub/Humantiv/src/actions/AuthenticationAction.js": {"path":"/Users/nabylbennouri/Documents/COMPANYS/ThreeFourteen/Clients/CitizenHealth/GitHub/Humantiv/src/actions/AuthenticationAction.js","statementMap":{"0":{"start":{"line":23,"column":27},"end":{"line":28,"column":1}},"1":{"start":{"line":24,"column":2},"end":{"line":27,"column":4}},"2":{"start":{"line":29,"column":28},"end":{"line":34,"column":1}},"3":{"start":{"line":30,"column":2},"end":{"line":33,"column":4}},"4":{"start":{"line":36,"column":31},"end":{"line":41,"column":1}},"5":{"start":{"line":37,"column":2},"end":{"line":40,"column":4}},"6":{"start":{"line":43,"column":28},"end":{"line":64,"column":1}},"7":{"start":{"line":44,"column":2},"end":{"line":63,"column":4}},"8":{"start":{"line":45,"column":4},"end":{"line":45,"column":36}},"9":{"start":{"line":46,"column":4},"end":{"line":62,"column":7}},"10":{"start":{"line":48,"column":6},"end":{"line":48,"column":81}},"11":{"start":{"line":49,"column":19},"end":{"line":49,"column":46}},"12":{"start":{"line":50,"column":6},"end":{"line":52,"column":7}},"13":{"start":{"line":51,"column":10},"end":{"line":51,"column":51}},"14":{"start":{"line":53,"column":6},"end":{"line":53,"column":39}},"15":{"start":{"line":56,"column":6},"end":{"line":56,"column":87}},"16":{"start":{"line":58,"column":6},"end":{"line":60,"column":9}},"17":{"start":{"line":61,"column":6},"end":{"line":61,"column":37}},"18":{"start":{"line":66,"column":25},"end":{"line":84,"column":1}},"19":{"start":{"line":67,"column":2},"end":{"line":83,"column":4}},"20":{"start":{"line":68,"column":4},"end":{"line":68,"column":35}},"21":{"start":{"line":69,"column":4},"end":{"line":82,"column":7}},"22":{"start":{"line":71,"column":6},"end":{"line":71,"column":77}},"23":{"start":{"line":72,"column":19},"end":{"line":72,"column":46}},"24":{"start":{"line":73,"column":6},"end":{"line":73,"column":39}},"25":{"start":{"line":76,"column":6},"end":{"line":76,"column":83}},"26":{"start":{"line":78,"column":6},"end":{"line":80,"column":9}},"27":{"start":{"line":81,"column":6},"end":{"line":81,"column":37}},"28":{"start":{"line":86,"column":25},"end":{"line":93,"column":1}},"29":{"start":{"line":88,"column":2},"end":{"line":92,"column":7}},"30":{"start":{"line":95,"column":22},"end":{"line":101,"column":1}},"31":{"start":{"line":96,"column":2},"end":{"line":100,"column":7}},"32":{"start":{"line":103,"column":31},"end":{"line":108,"column":1}},"33":{"start":{"line":104,"column":2},"end":{"line":107,"column":3}},"34":{"start":{"line":110,"column":31},"end":{"line":114,"column":1}},"35":{"start":{"line":111,"column":2},"end":{"line":113,"column":4}},"36":{"start":{"line":112,"column":4},"end":{"line":112,"column":26}},"37":{"start":{"line":116,"column":33},"end":{"line":120,"column":1}},"38":{"start":{"line":117,"column":2},"end":{"line":119,"column":4}},"39":{"start":{"line":118,"column":4},"end":{"line":118,"column":28}},"40":{"start":{"line":122,"column":26},"end":{"line":131,"column":1}},"41":{"start":{"line":123,"column":2},"end":{"line":130,"column":4}},"42":{"start":{"line":124,"column":4},"end":{"line":129,"column":7}},"43":{"start":{"line":126,"column":6},"end":{"line":126,"column":36}},"44":{"start":{"line":128,"column":6},"end":{"line":128,"column":52}},"45":{"start":{"line":133,"column":25},"end":{"line":142,"column":1}},"46":{"start":{"line":134,"column":2},"end":{"line":135,"column":32}},"47":{"start":{"line":135,"column":4},"end":{"line":135,"column":32}},"48":{"start":{"line":136,"column":2},"end":{"line":141,"column":4}},"49":{"start":{"line":137,"column":4},"end":{"line":140,"column":7}},"50":{"start":{"line":145,"column":21},"end":{"line":195,"column":1}},"51":{"start":{"line":147,"column":2},"end":{"line":154,"column":4}},"52":{"start":{"line":155,"column":2},"end":{"line":194,"column":5}},"53":{"start":{"line":161,"column":4},"end":{"line":185,"column":7}},"54":{"start":{"line":165,"column":25},"end":{"line":165,"column":100}},"55":{"start":{"line":166,"column":6},"end":{"line":166,"column":44}},"56":{"start":{"line":169,"column":6},"end":{"line":169,"column":62}},"57":{"start":{"line":173,"column":6},"end":{"line":173,"column":72}},"58":{"start":{"line":174,"column":6},"end":{"line":174,"column":39}},"59":{"start":{"line":175,"column":6},"end":{"line":175,"column":43}},"60":{"start":{"line":179,"column":6},"end":{"line":179,"column":78}},"61":{"start":{"line":180,"column":6},"end":{"line":182,"column":9}},"62":{"start":{"line":183,"column":6},"end":{"line":183,"column":53}},"63":{"start":{"line":184,"column":6},"end":{"line":184,"column":37}},"64":{"start":{"line":188,"column":4},"end":{"line":188,"column":76}},"65":{"start":{"line":190,"column":4},"end":{"line":192,"column":7}},"66":{"start":{"line":193,"column":4},"end":{"line":193,"column":62}},"67":{"start":{"line":198,"column":22},"end":{"line":234,"column":1}},"68":{"start":{"line":199,"column":2},"end":{"line":233,"column":7}},"69":{"start":{"line":202,"column":6},"end":{"line":206,"column":7}},"70":{"start":{"line":203,"column":8},"end":{"line":203,"column":95}},"71":{"start":{"line":205,"column":8},"end":{"line":205,"column":51}},"72":{"start":{"line":209,"column":6},"end":{"line":215,"column":7}},"73":{"start":{"line":211,"column":27},"end":{"line":211,"column":90}},"74":{"start":{"line":212,"column":8},"end":{"line":212,"column":48}},"75":{"start":{"line":214,"column":8},"end":{"line":214,"column":64}},"76":{"start":{"line":218,"column":6},"end":{"line":222,"column":7}},"77":{"start":{"line":220,"column":8},"end":{"line":220,"column":76}},"78":{"start":{"line":221,"column":8},"end":{"line":221,"column":46}},"79":{"start":{"line":225,"column":6},"end":{"line":225,"column":80}},"80":{"start":{"line":227,"column":6},"end":{"line":229,"column":9}},"81":{"start":{"line":231,"column":6},"end":{"line":231,"column":53}},"82":{"start":{"line":232,"column":6},"end":{"line":232,"column":37}}},"fnMap":{"0":{"name":"(anonymous_0)","decl":{"start":{"line":23,"column":27},"end":{"line":23,"column":28}},"loc":{"start":{"line":23,"column":37},"end":{"line":28,"column":1}},"line":23},"1":{"name":"(anonymous_1)","decl":{"start":{"line":29,"column":28},"end":{"line":29,"column":29}},"loc":{"start":{"line":29,"column":38},"end":{"line":34,"column":1}},"line":29},"2":{"name":"(anonymous_2)","decl":{"start":{"line":36,"column":31},"end":{"line":36,"column":32}},"loc":{"start":{"line":36,"column":41},"end":{"line":41,"column":1}},"line":36},"3":{"name":"(anonymous_3)","decl":{"start":{"line":43,"column":28},"end":{"line":43,"column":29}},"loc":{"start":{"line":43,"column":59},"end":{"line":64,"column":1}},"line":43},"4":{"name":"(anonymous_4)","decl":{"start":{"line":44,"column":9},"end":{"line":44,"column":10}},"loc":{"start":{"line":44,"column":23},"end":{"line":63,"column":3}},"line":44},"5":{"name":"(anonymous_5)","decl":{"start":{"line":47,"column":10},"end":{"line":47,"column":11}},"loc":{"start":{"line":47,"column":16},"end":{"line":54,"column":5}},"line":47},"6":{"name":"(anonymous_6)","decl":{"start":{"line":55,"column":11},"end":{"line":55,"column":12}},"loc":{"start":{"line":55,"column":22},"end":{"line":62,"column":5}},"line":55},"7":{"name":"(anonymous_7)","decl":{"start":{"line":66,"column":25},"end":{"line":66,"column":26}},"loc":{"start":{"line":66,"column":50},"end":{"line":84,"column":1}},"line":66},"8":{"name":"(anonymous_8)","decl":{"start":{"line":67,"column":9},"end":{"line":67,"column":10}},"loc":{"start":{"line":67,"column":23},"end":{"line":83,"column":3}},"line":67},"9":{"name":"(anonymous_9)","decl":{"start":{"line":70,"column":10},"end":{"line":70,"column":11}},"loc":{"start":{"line":70,"column":16},"end":{"line":74,"column":5}},"line":70},"10":{"name":"(anonymous_10)","decl":{"start":{"line":75,"column":11},"end":{"line":75,"column":12}},"loc":{"start":{"line":75,"column":22},"end":{"line":82,"column":5}},"line":75},"11":{"name":"(anonymous_11)","decl":{"start":{"line":86,"column":25},"end":{"line":86,"column":26}},"loc":{"start":{"line":86,"column":45},"end":{"line":93,"column":1}},"line":86},"12":{"name":"(anonymous_12)","decl":{"start":{"line":95,"column":22},"end":{"line":95,"column":23}},"loc":{"start":{"line":95,"column":43},"end":{"line":101,"column":1}},"line":95},"13":{"name":"(anonymous_13)","decl":{"start":{"line":103,"column":31},"end":{"line":103,"column":32}},"loc":{"start":{"line":103,"column":37},"end":{"line":108,"column":1}},"line":103},"14":{"name":"(anonymous_14)","decl":{"start":{"line":110,"column":31},"end":{"line":110,"column":32}},"loc":{"start":{"line":110,"column":37},"end":{"line":114,"column":1}},"line":110},"15":{"name":"(anonymous_15)","decl":{"start":{"line":111,"column":9},"end":{"line":111,"column":10}},"loc":{"start":{"line":111,"column":23},"end":{"line":113,"column":3}},"line":111},"16":{"name":"(anonymous_16)","decl":{"start":{"line":116,"column":33},"end":{"line":116,"column":34}},"loc":{"start":{"line":116,"column":39},"end":{"line":120,"column":1}},"line":116},"17":{"name":"(anonymous_17)","decl":{"start":{"line":117,"column":9},"end":{"line":117,"column":10}},"loc":{"start":{"line":117,"column":23},"end":{"line":119,"column":3}},"line":117},"18":{"name":"(anonymous_18)","decl":{"start":{"line":122,"column":26},"end":{"line":122,"column":27}},"loc":{"start":{"line":122,"column":32},"end":{"line":131,"column":1}},"line":122},"19":{"name":"(anonymous_19)","decl":{"start":{"line":123,"column":9},"end":{"line":123,"column":10}},"loc":{"start":{"line":123,"column":23},"end":{"line":130,"column":3}},"line":123},"20":{"name":"(anonymous_20)","decl":{"start":{"line":125,"column":10},"end":{"line":125,"column":11}},"loc":{"start":{"line":125,"column":16},"end":{"line":127,"column":5}},"line":125},"21":{"name":"(anonymous_21)","decl":{"start":{"line":127,"column":14},"end":{"line":127,"column":15}},"loc":{"start":{"line":127,"column":25},"end":{"line":129,"column":5}},"line":127},"22":{"name":"(anonymous_22)","decl":{"start":{"line":133,"column":25},"end":{"line":133,"column":26}},"loc":{"start":{"line":133,"column":35},"end":{"line":142,"column":1}},"line":133},"23":{"name":"(anonymous_23)","decl":{"start":{"line":136,"column":9},"end":{"line":136,"column":10}},"loc":{"start":{"line":136,"column":23},"end":{"line":141,"column":3}},"line":136},"24":{"name":"(anonymous_24)","decl":{"start":{"line":145,"column":21},"end":{"line":145,"column":22}},"loc":{"start":{"line":145,"column":35},"end":{"line":195,"column":1}},"line":145},"25":{"name":"(anonymous_25)","decl":{"start":{"line":159,"column":10},"end":{"line":159,"column":11}},"loc":{"start":{"line":159,"column":16},"end":{"line":186,"column":3}},"line":159},"26":{"name":"(anonymous_26)","decl":{"start":{"line":162,"column":10},"end":{"line":162,"column":11}},"loc":{"start":{"line":162,"column":20},"end":{"line":170,"column":5}},"line":162},"27":{"name":"(anonymous_27)","decl":{"start":{"line":171,"column":10},"end":{"line":171,"column":11}},"loc":{"start":{"line":171,"column":20},"end":{"line":176,"column":5}},"line":171},"28":{"name":"(anonymous_28)","decl":{"start":{"line":177,"column":11},"end":{"line":177,"column":12}},"loc":{"start":{"line":177,"column":22},"end":{"line":185,"column":5}},"line":177},"29":{"name":"(anonymous_29)","decl":{"start":{"line":187,"column":9},"end":{"line":187,"column":10}},"loc":{"start":{"line":187,"column":18},"end":{"line":194,"column":3}},"line":187},"30":{"name":"(anonymous_30)","decl":{"start":{"line":198,"column":22},"end":{"line":198,"column":23}},"loc":{"start":{"line":198,"column":36},"end":{"line":234,"column":1}},"line":198},"31":{"name":"(anonymous_31)","decl":{"start":{"line":201,"column":10},"end":{"line":201,"column":11}},"loc":{"start":{"line":201,"column":22},"end":{"line":207,"column":5}},"line":201},"32":{"name":"(anonymous_32)","decl":{"start":{"line":208,"column":10},"end":{"line":208,"column":11}},"loc":{"start":{"line":208,"column":18},"end":{"line":216,"column":5}},"line":208},"33":{"name":"(anonymous_33)","decl":{"start":{"line":217,"column":10},"end":{"line":217,"column":11}},"loc":{"start":{"line":217,"column":20},"end":{"line":223,"column":5}},"line":217},"34":{"name":"(anonymous_34)","decl":{"start":{"line":224,"column":11},"end":{"line":224,"column":12}},"loc":{"start":{"line":224,"column":22},"end":{"line":233,"column":5}},"line":224}},"branchMap":{"0":{"loc":{"start":{"line":50,"column":6},"end":{"line":52,"column":7}},"type":"if","locations":[{"start":{"line":50,"column":6},"end":{"line":52,"column":7}},{"start":{"line":50,"column":6},"end":{"line":52,"column":7}}],"line":50},"1":{"loc":{"start":{"line":134,"column":2},"end":{"line":135,"column":32}},"type":"if","locations":[{"start":{"line":134,"column":2},"end":{"line":135,"column":32}},{"start":{"line":134,"column":2},"end":{"line":135,"column":32}}],"line":134},"2":{"loc":{"start":{"line":202,"column":6},"end":{"line":206,"column":7}},"type":"if","locations":[{"start":{"line":202,"column":6},"end":{"line":206,"column":7}},{"start":{"line":202,"column":6},"end":{"line":206,"column":7}}],"line":202},"3":{"loc":{"start":{"line":209,"column":6},"end":{"line":215,"column":7}},"type":"if","locations":[{"start":{"line":209,"column":6},"end":{"line":215,"column":7}},{"start":{"line":209,"column":6},"end":{"line":215,"column":7}}],"line":209},"4":{"loc":{"start":{"line":218,"column":6},"end":{"line":222,"column":7}},"type":"if","locations":[{"start":{"line":218,"column":6},"end":{"line":222,"column":7}},{"start":{"line":218,"column":6},"end":{"line":222,"column":7}}],"line":218}},"s":{"0":1,"1":3,"2":1,"3":3,"4":1,"5":3,"6":1,"7":1,"8":1,"9":1,"10":0,"11":0,"12":0,"13":0,"14":0,"15":0,"16":0,"17":0,"18":1,"19":0,"20":0,"21":0,"22":0,"23":0,"24":0,"25":0,"26":0,"27":0,"28":1,"29":0,"30":1,"31":0,"32":1,"33":0,"34":1,"35":0,"36":0,"37":1,"38":0,"39":0,"40":1,"41":0,"42":0,"43":0,"44":0,"45":1,"46":0,"47":0,"48":0,"49":0,"50":1,"51":0,"52":0,"53":0,"54":0,"55":0,"56":0,"57":0,"58":0,"59":0,"60":0,"61":0,"62":0,"63":0,"64":0,"65":0,"66":0,"67":1,"68":0,"69":0,"70":0,"71":0,"72":0,"73":0,"74":0,"75":0,"76":0,"77":0,"78":0,"79":0,"80":0,"81":0,"82":0},"f":{"0":3,"1":3,"2":3,"3":1,"4":1,"5":0,"6":0,"7":0,"8":0,"9":0,"10":0,"11":0,"12":0,"13":0,"14":0,"15":0,"16":0,"17":0,"18":0,"19":0,"20":0,"21":0,"22":0,"23":0,"24":0,"25":0,"26":0,"27":0,"28":0,"29":0,"30":0,"31":0,"32":0,"33":0,"34":0},"b":{"0":[0,0],"1":[0,0],"2":[0,0],"3":[0,0],"4":[0,0]},"_coverageSchema":"43e27e138ebf9cfc5966b082cf9a028302ed4184","hash":"98771805f0c48ca05fd32c50323eb73333b9cf03"}
,"/Users/nabylbennouri/Documents/COMPANYS/ThreeFourteen/Clients/CitizenHealth/GitHub/Humantiv/src/actions/types.js": {"path":"/Users/nabylbennouri/Documents/COMPANYS/ThreeFourteen/Clients/CitizenHealth/GitHub/Humantiv/src/actions/types.js","statementMap":{"0":{"start":{"line":1,"column":28},"end":{"line":1,"column":42}},"1":{"start":{"line":2,"column":29},"end":{"line":2,"column":44}},"2":{"start":{"line":3,"column":32},"end":{"line":3,"column":50}},"3":{"start":{"line":4,"column":34},"end":{"line":4,"column":54}},"4":{"start":{"line":5,"column":31},"end":{"line":5,"column":48}},"5":{"start":{"line":6,"column":26},"end":{"line":6,"column":38}},"6":{"start":{"line":7,"column":27},"end":{"line":7,"column":40}},"7":{"start":{"line":8,"column":27},"end":{"line":8,"column":40}},"8":{"start":{"line":9,"column":35},"end":{"line":9,"column":56}},"9":{"start":{"line":10,"column":33},"end":{"line":10,"column":52}},"10":{"start":{"line":11,"column":27},"end":{"line":11,"column":40}},"11":{"start":{"line":12,"column":25},"end":{"line":12,"column":36}},"12":{"start":{"line":13,"column":26},"end":{"line":13,"column":38}},"13":{"start":{"line":14,"column":27},"end":{"line":14,"column":40}},"14":{"start":{"line":15,"column":29},"end":{"line":15,"column":44}},"15":{"start":{"line":16,"column":24},"end":{"line":16,"column":34}},"16":{"start":{"line":17,"column":27},"end":{"line":17,"column":40}},"17":{"start":{"line":18,"column":26},"end":{"line":18,"column":38}},"18":{"start":{"line":19,"column":34},"end":{"line":19,"column":54}},"19":{"start":{"line":20,"column":35},"end":{"line":20,"column":56}},"20":{"start":{"line":21,"column":28},"end":{"line":21,"column":42}},"21":{"start":{"line":22,"column":33},"end":{"line":22,"column":52}},"22":{"start":{"line":23,"column":26},"end":{"line":23,"column":38}},"23":{"start":{"line":24,"column":29},"end":{"line":24,"column":44}},"24":{"start":{"line":25,"column":32},"end":{"line":25,"column":50}},"25":{"start":{"line":26,"column":41},"end":{"line":26,"column":68}},"26":{"start":{"line":27,"column":42},"end":{"line":27,"column":70}},"27":{"start":{"line":28,"column":38},"end":{"line":28,"column":62}},"28":{"start":{"line":29,"column":39},"end":{"line":29,"column":64}},"29":{"start":{"line":30,"column":39},"end":{"line":30,"column":64}},"30":{"start":{"line":31,"column":38},"end":{"line":31,"column":62}},"31":{"start":{"line":32,"column":38},"end":{"line":32,"column":62}},"32":{"start":{"line":33,"column":38},"end":{"line":33,"column":62}},"33":{"start":{"line":34,"column":33},"end":{"line":34,"column":52}},"34":{"start":{"line":35,"column":33},"end":{"line":35,"column":52}},"35":{"start":{"line":36,"column":37},"end":{"line":36,"column":60}}},"fnMap":{},"branchMap":{},"s":{"0":1,"1":1,"2":1,"3":1,"4":1,"5":1,"6":1,"7":1,"8":1,"9":1,"10":1,"11":1,"12":1,"13":1,"14":1,"15":1,"16":1,"17":1,"18":1,"19":1,"20":1,"21":1,"22":1,"23":1,"24":1,"25":1,"26":1,"27":1,"28":1,"29":1,"30":1,"31":1,"32":1,"33":1,"34":1,"35":1},"f":{},"b":{},"_coverageSchema":"43e27e138ebf9cfc5966b082cf9a028302ed4184","hash":"310d72c64cdda0a00266cfd2dfe9b029466177c2"}
,"/Users/nabylbennouri/Documents/COMPANYS/ThreeFourteen/Clients/CitizenHealth/GitHub/Humantiv/src/business/healthscore/metrics/CalculateHealthScore.js": {"path":"/Users/nabylbennouri/Documents/COMPANYS/ThreeFourteen/Clients/CitizenHealth/GitHub/Humantiv/src/business/healthscore/metrics/CalculateHealthScore.js","statementMap":{"0":{"start":{"line":13,"column":30},"end":{"line":72,"column":1}},"1":{"start":{"line":14,"column":21},"end":{"line":14,"column":23}},"2":{"start":{"line":16,"column":4},"end":{"line":31,"column":5}},"3":{"start":{"line":17,"column":6},"end":{"line":30,"column":7}},"4":{"start":{"line":33,"column":4},"end":{"line":48,"column":5}},"5":{"start":{"line":34,"column":6},"end":{"line":47,"column":7}},"6":{"start":{"line":50,"column":4},"end":{"line":65,"column":5}},"7":{"start":{"line":51,"column":6},"end":{"line":64,"column":7}},"8":{"start":{"line":68,"column":4},"end":{"line":71,"column":6}}},"fnMap":{"0":{"name":"(anonymous_0)","decl":{"start":{"line":13,"column":30},"end":{"line":13,"column":31}},"loc":{"start":{"line":13,"column":58},"end":{"line":72,"column":1}},"line":13}},"branchMap":{"0":{"loc":{"start":{"line":16,"column":4},"end":{"line":31,"column":5}},"type":"if","locations":[{"start":{"line":16,"column":4},"end":{"line":31,"column":5}},{"start":{"line":16,"column":4},"end":{"line":31,"column":5}}],"line":16},"1":{"loc":{"start":{"line":16,"column":8},"end":{"line":16,"column":39}},"type":"binary-expr","locations":[{"start":{"line":16,"column":8},"end":{"line":16,"column":16}},{"start":{"line":16,"column":20},"end":{"line":16,"column":39}}],"line":16},"2":{"loc":{"start":{"line":22,"column":24},"end":{"line":22,"column":81}},"type":"cond-expr","locations":[{"start":{"line":22,"column":60},"end":{"line":22,"column":77}},{"start":{"line":22,"column":80},"end":{"line":22,"column":81}}],"line":22},"3":{"loc":{"start":{"line":33,"column":4},"end":{"line":48,"column":5}},"type":"if","locations":[{"start":{"line":33,"column":4},"end":{"line":48,"column":5}},{"start":{"line":33,"column":4},"end":{"line":48,"column":5}}],"line":33},"4":{"loc":{"start":{"line":33,"column":8},"end":{"line":33,"column":33}},"type":"binary-expr","locations":[{"start":{"line":33,"column":8},"end":{"line":33,"column":13}},{"start":{"line":33,"column":17},"end":{"line":33,"column":33}}],"line":33},"5":{"loc":{"start":{"line":39,"column":24},"end":{"line":39,"column":75}},"type":"cond-expr","locations":[{"start":{"line":39,"column":57},"end":{"line":39,"column":71}},{"start":{"line":39,"column":74},"end":{"line":39,"column":75}}],"line":39},"6":{"loc":{"start":{"line":50,"column":4},"end":{"line":65,"column":5}},"type":"if","locations":[{"start":{"line":50,"column":4},"end":{"line":65,"column":5}},{"start":{"line":50,"column":4},"end":{"line":65,"column":5}}],"line":50},"7":{"loc":{"start":{"line":50,"column":8},"end":{"line":50,"column":29}},"type":"binary-expr","locations":[{"start":{"line":50,"column":8},"end":{"line":50,"column":13}},{"start":{"line":50,"column":17},"end":{"line":50,"column":29}}],"line":50},"8":{"loc":{"start":{"line":56,"column":24},"end":{"line":56,"column":75}},"type":"cond-expr","locations":[{"start":{"line":56,"column":57},"end":{"line":56,"column":71}},{"start":{"line":56,"column":74},"end":{"line":56,"column":75}}],"line":56},"9":{"loc":{"start":{"line":70,"column":19},"end":{"line":70,"column":95}},"type":"cond-expr","locations":[{"start":{"line":70,"column":47},"end":{"line":70,"column":48}},{"start":{"line":70,"column":51},"end":{"line":70,"column":95}}],"line":70}},"s":{"0":1,"1":3,"2":3,"3":0,"4":3,"5":0,"6":3,"7":0,"8":3},"f":{"0":3},"b":{"0":[0,3],"1":[3,3],"2":[0,0],"3":[0,3],"4":[3,3],"5":[0,0],"6":[0,3],"7":[3,3],"8":[0,0],"9":[3,0]},"_coverageSchema":"43e27e138ebf9cfc5966b082cf9a028302ed4184","hash":"fa34ab3ab993a168ef58ca6d45a6a0c3a24bab32"}
}
