TN:
SF:/Users/nabylbennouri/Documents/COMPANYS/ThreeFourteen/Clients/CitizenHealth/GitHub/Humantiv/src/actions/AuthenticationAction.js
FN:23,(anonymous_0)
FN:29,(anonymous_1)
FN:36,(anonymous_2)
FN:43,(anonymous_3)
FN:44,(anonymous_4)
FN:47,(anonymous_5)
FN:55,(anonymous_6)
FN:66,(anonymous_7)
FN:67,(anonymous_8)
FN:70,(anonymous_9)
FN:75,(anonymous_10)
FN:86,(anonymous_11)
FN:95,(anonymous_12)
FN:103,(anonymous_13)
FN:110,(anonymous_14)
FN:111,(anonymous_15)
FN:116,(anonymous_16)
FN:117,(anonymous_17)
FN:122,(anonymous_18)
FN:123,(anonymous_19)
FN:125,(anonymous_20)
FN:127,(anonymous_21)
FN:133,(anonymous_22)
FN:136,(anonymous_23)
FN:145,(anonymous_24)
FN:159,(anonymous_25)
FN:162,(anonymous_26)
FN:171,(anonymous_27)
FN:177,(anonymous_28)
FN:187,(anonymous_29)
FN:198,(anonymous_30)
FN:201,(anonymous_31)
FN:208,(anonymous_32)
FN:217,(anonymous_33)
FN:224,(anonymous_34)
FNF:35
FNH:5
FNDA:3,(anonymous_0)
FNDA:3,(anonymous_1)
FNDA:3,(anonymous_2)
FNDA:1,(anonymous_3)
FNDA:1,(anonymous_4)
FNDA:0,(anonymous_5)
FNDA:0,(anonymous_6)
FNDA:0,(anonymous_7)
FNDA:0,(anonymous_8)
FNDA:0,(anonymous_9)
FNDA:0,(anonymous_10)
FNDA:0,(anonymous_11)
FNDA:0,(anonymous_12)
FNDA:0,(anonymous_13)
FNDA:0,(anonymous_14)
FNDA:0,(anonymous_15)
FNDA:0,(anonymous_16)
FNDA:0,(anonymous_17)
FNDA:0,(anonymous_18)
FNDA:0,(anonymous_19)
FNDA:0,(anonymous_20)
FNDA:0,(anonymous_21)
FNDA:0,(anonymous_22)
FNDA:0,(anonymous_23)
FNDA:0,(anonymous_24)
FNDA:0,(anonymous_25)
FNDA:0,(anonymous_26)
FNDA:0,(anonymous_27)
FNDA:0,(anonymous_28)
FNDA:0,(anonymous_29)
FNDA:0,(anonymous_30)
FNDA:0,(anonymous_31)
FNDA:0,(anonymous_32)
FNDA:0,(anonymous_33)
FNDA:0,(anonymous_34)
DA:23,1
DA:24,3
DA:29,1
DA:30,3
DA:36,1
DA:37,3
DA:43,1
DA:44,1
DA:45,1
DA:46,1
DA:48,0
DA:49,0
DA:50,0
DA:51,0
DA:53,0
DA:56,0
DA:58,0
DA:61,0
DA:66,1
DA:67,0
DA:68,0
DA:69,0
DA:71,0
DA:72,0
DA:73,0
DA:76,0
DA:78,0
DA:81,0
DA:86,1
DA:88,0
DA:95,1
DA:96,0
DA:103,1
DA:104,0
DA:110,1
DA:111,0
DA:112,0
DA:116,1
DA:117,0
DA:118,0
DA:122,1
DA:123,0
DA:124,0
DA:126,0
DA:128,0
DA:133,1
DA:134,0
DA:135,0
DA:136,0
DA:137,0
DA:145,1
DA:147,0
DA:155,0
DA:161,0
DA:165,0
DA:166,0
DA:169,0
DA:173,0
DA:174,0
DA:175,0
DA:179,0
DA:180,0
DA:183,0
DA:184,0
DA:188,0
DA:190,0
DA:193,0
DA:198,1
DA:199,0
DA:202,0
DA:203,0
DA:205,0
DA:209,0
DA:211,0
DA:212,0
DA:214,0
DA:218,0
DA:220,0
DA:221,0
DA:225,0
DA:227,0
DA:231,0
DA:232,0
LF:83
LH:20
BRDA:50,0,0,0
BRDA:50,0,1,0
BRDA:134,1,0,0
BRDA:134,1,1,0
BRDA:202,2,0,0
BRDA:202,2,1,0
BRDA:209,3,0,0
BRDA:209,3,1,0
BRDA:218,4,0,0
BRDA:218,4,1,0
BRF:10
BRH:0
end_of_record
TN:
SF:/Users/nabylbennouri/Documents/COMPANYS/ThreeFourteen/Clients/CitizenHealth/GitHub/Humantiv/src/actions/types.js
FNF:0
FNH:0
DA:1,1
DA:2,1
DA:3,1
DA:4,1
DA:5,1
DA:6,1
DA:7,1
DA:8,1
DA:9,1
DA:10,1
DA:11,1
DA:12,1
DA:13,1
DA:14,1
DA:15,1
DA:16,1
DA:17,1
DA:18,1
DA:19,1
DA:20,1
DA:21,1
DA:22,1
DA:23,1
DA:24,1
DA:25,1
DA:26,1
DA:27,1
DA:28,1
DA:29,1
DA:30,1
DA:31,1
DA:32,1
DA:33,1
DA:34,1
DA:35,1
DA:36,1
LF:36
LH:36
BRF:0
BRH:0
end_of_record
TN:
SF:/Users/nabylbennouri/Documents/COMPANYS/ThreeFourteen/Clients/CitizenHealth/GitHub/Humantiv/src/business/healthscore/metrics/CalculateHealthScore.js
FN:13,(anonymous_0)
FNF:1
FNH:1
FNDA:3,(anonymous_0)
DA:13,1
DA:14,3
DA:16,3
DA:17,0
DA:33,3
DA:34,0
DA:50,3
DA:51,0
DA:68,3
LF:9
LH:6
BRDA:16,0,0,0
BRDA:16,0,1,3
BRDA:16,1,0,3
BRDA:16,1,1,3
BRDA:22,2,0,0
BRDA:22,2,1,0
BRDA:33,3,0,0
BRDA:33,3,1,3
BRDA:33,4,0,3
BRDA:33,4,1,3
BRDA:39,5,0,0
BRDA:39,5,1,0
BRDA:50,6,0,0
BRDA:50,6,1,3
BRDA:50,7,0,3
BRDA:50,7,1,3
BRDA:56,8,0,0
BRDA:56,8,1,0
BRDA:70,9,0,3
BRDA:70,9,1,0
BRF:20
BRH:10
end_of_record
